<?xml version="1.0" encoding="UTF-8"?>
<testng-results skipped="0" failed="0" ignored="0" total="1" passed="1">
  <reporter-output>
  </reporter-output>
  <suite name="Default suite" duration-ms="39409" started-at="2018-11-30T08:11:21Z" finished-at="2018-11-30T08:12:00Z">
    <groups>
    </groups>
    <test name="Default test" duration-ms="39409" started-at="2018-11-30T08:11:21Z" finished-at="2018-11-30T08:12:00Z">
      <class name="com.sgic.automation.demo.test.LoginTest">
        <test-method status="PASS" signature="setUp()[pri:0, instance:com.sgic.automation.demo.test.LoginTest@41a2befb]" name="setUp" is-config="true" duration-ms="4922" started-at="2018-11-30T08:11:21Z" finished-at="2018-11-30T08:11:26Z">
          <reporter-output>
          </reporter-output>
        </test-method> <!-- setUp -->
        <test-method status="PASS" signature="testOrangeHRM()[pri:0, instance:com.sgic.automation.demo.test.LoginTest@41a2befb]" name="testOrangeHRM" duration-ms="33066" started-at="2018-11-30T08:11:26Z" finished-at="2018-11-30T08:11:59Z">
          <reporter-output>
          </reporter-output>
        </test-method> <!-- testOrangeHRM -->
        <test-method status="PASS" signature="tearDown()[pri:0, instance:com.sgic.automation.demo.test.LoginTest@41a2befb]" name="tearDown" is-config="true" duration-ms="1394" started-at="2018-11-30T08:11:59Z" finished-at="2018-11-30T08:12:00Z">
          <reporter-output>
          </reporter-output>
        </test-method> <!-- tearDown -->
      </class> <!-- com.sgic.automation.demo.test.LoginTest -->
    </test> <!-- Default test -->
  </suite> <!-- Default suite -->
</testng-results>
